<?xml version="1.0" encoding="UTF-8"?>
<testsuite name="ru.stqa.pft.addressbook.tests.GroupCreation" tests="1" skipped="0" failures="0" errors="0" timestamp="2020-10-22T12:19:55" hostname="DESKTOP-5LJNKTP" time="5.063">
  <properties/>
  <testcase name="testGroupCreation" classname="ru.stqa.pft.addressbook.tests.GroupCreation" time="5.063"/>
  <system-out><![CDATA[]]></system-out>
  <system-err><![CDATA[1603369195786	geckodriver	INFO	Listening on 127.0.0.1:27945
1603369196403	mozrunner::runner	INFO	Running command: "C:\\Program Files\\Mozilla Firefox\\firefox.exe" "--marionette" "-foreground" "-no-remote" "-profile" "C:\\Users\\73B5~1\\AppData\\Local\\Temp\\rust_mozprofiletoNBjs"
JavaScript error: resource://gre/modules/XULStore.jsm, line 66: Error: Can't find profile directory.
1603369197697	Marionette	INFO	Listening on port 52945
1603369197939	Marionette	WARN	TLS certificate errors will be ignored for this session
окт. 22, 2020 3:19:57 PM org.openqa.selenium.remote.ProtocolHandshake createSession
INFO: Detected dialect: W3C
1603369200102	Marionette	INFO	Stopped listening on port 52945

###!!! [Child][RunMessage] Error: Channel closing: too late to send/recv, messages will be lost


###!!! [Child][MessageChannel::SendAndWait] Error: Channel error: cannot send/recv

]]></system-err>
</testsuite>
