<?xml version="1.0" encoding="UTF-8"?>
<testsuite name="ru.stqa.pft.addressbook.DeleteGroupTest" tests="1" skipped="0" failures="0" errors="0" timestamp="2020-10-16T11:46:11" hostname="DESKTOP-5LJNKTP" time="3.997">
  <properties/>
  <testcase name="testDeleteGroup" classname="ru.stqa.pft.addressbook.DeleteGroupTest" time="3.997"/>
  <system-out><![CDATA[]]></system-out>
  <system-err><![CDATA[1602848771266	geckodriver	INFO	Listening on 127.0.0.1:22734
1602848771884	mozrunner::runner	INFO	Running command: "C:\\Program Files\\Mozilla Firefox\\firefox.exe" "--marionette" "-foreground" "-no-remote" "-profile" "C:\\Users\\73B5~1\\AppData\\Local\\Temp\\rust_mozprofilezeV9b8"
JavaScript error: resource://gre/modules/XULStore.jsm, line 66: Error: Can't find profile directory.
1602848773222	Marionette	INFO	Listening on port 51488
1602848773411	Marionette	WARN	TLS certificate errors will be ignored for this session
окт. 16, 2020 2:46:13 PM org.openqa.selenium.remote.ProtocolHandshake createSession
INFO: Detected dialect: W3C
1602848774514	Marionette	INFO	Stopped listening on port 51488

###!!! [Child][RunMessage] Error: Channel closing: too late to send/recv, messages will be lost


###!!! [Child][MessageChannel::SendAndWait] Error: Channel error: cannot send/recv

]]></system-err>
</testsuite>
