<?xml version="1.0" encoding="UTF-8"?>
<testsuite name="ru.stqa.pft.addressbook.tests.GroupModificationTest" tests="1" skipped="0" failures="0" errors="0" timestamp="2020-10-22T11:48:47" hostname="DESKTOP-5LJNKTP" time="5.301">
  <properties/>
  <testcase name="testGroupModification" classname="ru.stqa.pft.addressbook.tests.GroupModificationTest" time="5.301"/>
  <system-out><![CDATA[]]></system-out>
  <system-err><![CDATA[1603367327436	geckodriver	INFO	Listening on 127.0.0.1:31485
1603367328065	mozrunner::runner	INFO	Running command: "C:\\Program Files\\Mozilla Firefox\\firefox.exe" "--marionette" "-foreground" "-no-remote" "-profile" "C:\\Users\\73B5~1\\AppData\\Local\\Temp\\rust_mozprofilecZ0nr2"
JavaScript error: resource://gre/modules/XULStore.jsm, line 66: Error: Can't find profile directory.
1603367329323	Marionette	INFO	Listening on port 52628
1603367329596	Marionette	WARN	TLS certificate errors will be ignored for this session
окт. 22, 2020 2:48:49 PM org.openqa.selenium.remote.ProtocolHandshake createSession
INFO: Detected dialect: W3C
1603367331974	Marionette	INFO	Stopped listening on port 52628

###!!! [Child][RunMessage] Error: Channel closing: too late to send/recv, messages will be lost


###!!! [Child][MessageChannel::SendAndWait] Error: Channel error: cannot send/recv

]]></system-err>
</testsuite>
