<?xml version="1.0" encoding="UTF-8"?>
<testsuite name="ru.stqa.pft.addressbook.tests.DeleteGroupTest" tests="1" skipped="0" failures="0" errors="0" timestamp="2020-10-22T09:12:05" hostname="DESKTOP-5LJNKTP" time="5.229">
  <properties/>
  <testcase name="testDeleteGroup" classname="ru.stqa.pft.addressbook.tests.DeleteGroupTest" time="5.229"/>
  <system-out><![CDATA[]]></system-out>
  <system-err><![CDATA[1603357925438	geckodriver	INFO	Listening on 127.0.0.1:5026
1603357926054	mozrunner::runner	INFO	Running command: "C:\\Program Files\\Mozilla Firefox\\firefox.exe" "--marionette" "-foreground" "-no-remote" "-profile" "C:\\Users\\73B5~1\\AppData\\Local\\Temp\\rust_mozprofilesEogjW"
JavaScript error: resource://gre/modules/XULStore.jsm, line 66: Error: Can't find profile directory.
1603357927373	Marionette	INFO	Listening on port 50455
1603357927585	Marionette	WARN	TLS certificate errors will be ignored for this session
окт. 22, 2020 12:12:07 PM org.openqa.selenium.remote.ProtocolHandshake createSession
INFO: Detected dialect: W3C
1603357929909	Marionette	INFO	Stopped listening on port 50455

###!!! [Child][RunMessage] Error: Channel closing: too late to send/recv, messages will be lost


###!!! [Child][MessageChannel::SendAndWait] Error: Channel error: cannot send/recv

]]></system-err>
</testsuite>
