<?xml version="1.0" encoding="UTF-8"?>
<testsuite name="ru.stqa.pft.addressbook.tests.DeleteGroupTest" tests="1" skipped="0" failures="0" errors="0" timestamp="2020-10-16T13:27:12" hostname="DESKTOP-5LJNKTP" time="4.13">
  <properties/>
  <testcase name="testDeleteGroup" classname="ru.stqa.pft.addressbook.tests.DeleteGroupTest" time="4.13"/>
  <system-out><![CDATA[]]></system-out>
  <system-err><![CDATA[1602854832845	geckodriver	INFO	Listening on 127.0.0.1:29519
1602854833463	mozrunner::runner	INFO	Running command: "C:\\Program Files\\Mozilla Firefox\\firefox.exe" "--marionette" "-foreground" "-no-remote" "-profile" "C:\\Users\\73B5~1\\AppData\\Local\\Temp\\rust_mozprofiletOJTC3"
JavaScript error: resource://gre/modules/XULStore.jsm, line 66: Error: Can't find profile directory.
1602854834911	Marionette	INFO	Listening on port 56158
1602854834981	Marionette	WARN	TLS certificate errors will be ignored for this session
окт. 16, 2020 4:27:15 PM org.openqa.selenium.remote.ProtocolHandshake createSession
INFO: Detected dialect: W3C
1602854836116	Marionette	INFO	Stopped listening on port 56158
JavaScript error: resource://gre/modules/UrlClassifierListManager.jsm, line 691: TypeError: this.tablesData[table] is undefined

###!!! [Child][MessageChannel::SendAndWait] Error: Channel error: cannot send/recv

]]></system-err>
</testsuite>
