<?xml version="1.0" encoding="UTF-8"?>
<testsuite name="ru.stqa.pft.addressbook.tests.DeleteGroupTest" tests="1" skipped="0" failures="0" errors="0" timestamp="2020-10-19T11:41:07" hostname="DESKTOP-5LJNKTP" time="7.157">
  <properties/>
  <testcase name="testDeleteGroup" classname="ru.stqa.pft.addressbook.tests.DeleteGroupTest" time="7.157"/>
  <system-out><![CDATA[]]></system-out>
  <system-err><![CDATA[Started InternetExplorerDriver server (32-bit)
3.150.1.0
Listening on port 7030
Only local connections are allowed
окт. 19, 2020 2:41:08 PM org.openqa.selenium.remote.ProtocolHandshake createSession
INFO: Detected dialect: W3C
]]></system-err>
</testsuite>
