<?xml version="1.0" encoding="UTF-8"?>
<testsuite name="ru.stqa.pft.addressbook.tests.DeleteGroupTest" tests="1" skipped="0" failures="0" errors="0" timestamp="2020-10-16T13:49:43" hostname="DESKTOP-5LJNKTP" time="4.159">
  <properties/>
  <testcase name="testDeleteGroup" classname="ru.stqa.pft.addressbook.tests.DeleteGroupTest" time="4.159"/>
  <system-out><![CDATA[]]></system-out>
  <system-err><![CDATA[1602856184138	geckodriver	INFO	Listening on 127.0.0.1:15936
1602856184764	mozrunner::runner	INFO	Running command: "C:\\Program Files\\Mozilla Firefox\\firefox.exe" "--marionette" "-foreground" "-no-remote" "-profile" "C:\\Users\\73B5~1\\AppData\\Local\\Temp\\rust_mozprofileZgucRW"
JavaScript error: resource://gre/modules/XULStore.jsm, line 66: Error: Can't find profile directory.
1602856186111	Marionette	INFO	Listening on port 57568
1602856186290	Marionette	WARN	TLS certificate errors will be ignored for this session
окт. 16, 2020 4:49:46 PM org.openqa.selenium.remote.ProtocolHandshake createSession
INFO: Detected dialect: W3C
1602856187435	Marionette	INFO	Stopped listening on port 57568

###!!! [Child][RunMessage] Error: Channel closing: too late to send/recv, messages will be lost


###!!! [Child][MessageChannel::SendAndWait] Error: Channel error: cannot send/recv

]]></system-err>
</testsuite>
