<?xml version="1.0" encoding="UTF-8"?>
<testsuite name="ru.stqa.pft.addressbook.tests.DeleteGroupTest" tests="1" skipped="0" failures="0" errors="0" timestamp="2020-10-20T14:28:19" hostname="DESKTOP-5LJNKTP" time="4.382">
  <properties/>
  <testcase name="testDeleteGroup" classname="ru.stqa.pft.addressbook.tests.DeleteGroupTest" time="4.382"/>
  <system-out><![CDATA[]]></system-out>
  <system-err><![CDATA[1603204100048	geckodriver	INFO	Listening on 127.0.0.1:7106
1603204100681	mozrunner::runner	INFO	Running command: "C:\\Program Files\\Mozilla Firefox\\firefox.exe" "--marionette" "-foreground" "-no-remote" "-profile" "C:\\Users\\73B5~1\\AppData\\Local\\Temp\\rust_mozprofileAGgR8Q"
JavaScript error: resource://gre/modules/XULStore.jsm, line 66: Error: Can't find profile directory.
1603204101972	Marionette	INFO	Listening on port 51616
1603204102214	Marionette	WARN	TLS certificate errors will be ignored for this session
окт. 20, 2020 5:28:22 PM org.openqa.selenium.remote.ProtocolHandshake createSession
INFO: Detected dialect: W3C
1603204103678	Marionette	INFO	Stopped listening on port 51616

###!!! [Child][RunMessage] Error: Channel closing: too late to send/recv, messages will be lost


###!!! [Child][MessageChannel::SendAndWait] Error: Channel error: cannot send/recv

]]></system-err>
</testsuite>
