<?xml version="1.0" encoding="UTF-8"?>
<testsuite name="ru.stqa.pft.addressbook.tests.DeleteGroupTest" tests="1" skipped="0" failures="0" errors="0" timestamp="2020-10-19T09:57:33" hostname="DESKTOP-5LJNKTP" time="4.69">
  <properties/>
  <testcase name="testDeleteGroup" classname="ru.stqa.pft.addressbook.tests.DeleteGroupTest" time="4.69"/>
  <system-out><![CDATA[]]></system-out>
  <system-err><![CDATA[1603101453960	geckodriver	INFO	Listening on 127.0.0.1:22533
1603101454589	mozrunner::runner	INFO	Running command: "C:\\Program Files\\Mozilla Firefox\\firefox.exe" "--marionette" "-foreground" "-no-remote" "-profile" "C:\\Users\\73B5~1\\AppData\\Local\\Temp\\rust_mozprofilez0IV3y"
JavaScript error: resource://gre/modules/XULStore.jsm, line 66: Error: Can't find profile directory.
1603101456120	Marionette	INFO	Listening on port 57436
1603101456631	Marionette	WARN	TLS certificate errors will be ignored for this session
окт. 19, 2020 12:57:36 PM org.openqa.selenium.remote.ProtocolHandshake createSession
INFO: Detected dialect: W3C
1603101457771	Marionette	INFO	Stopped listening on port 57436

###!!! [Child][RunMessage] Error: Channel closing: too late to send/recv, messages will be lost


###!!! [Child][MessageChannel::SendAndWait] Error: Channel error: cannot send/recv

]]></system-err>
</testsuite>
