<?xml version="1.0" encoding="UTF-8"?>
<testsuite name="ru.stqa.pft.addressbook.tests.ContactModificationTest" tests="1" skipped="0" failures="0" errors="0" timestamp="2020-10-20T09:37:30" hostname="DESKTOP-5LJNKTP" time="4.72">
  <properties/>
  <testcase name="testContactCreation" classname="ru.stqa.pft.addressbook.tests.ContactModificationTest" time="4.72"/>
  <system-out><![CDATA[]]></system-out>
  <system-err><![CDATA[1603186650366	geckodriver	INFO	Listening on 127.0.0.1:34453
1603186650992	mozrunner::runner	INFO	Running command: "C:\\Program Files\\Mozilla Firefox\\firefox.exe" "--marionette" "-foreground" "-no-remote" "-profile" "C:\\Users\\73B5~1\\AppData\\Local\\Temp\\rust_mozprofileYmv1Jy"
JavaScript error: resource://gre/modules/XULStore.jsm, line 66: Error: Can't find profile directory.
1603186652309	Marionette	INFO	Listening on port 64954
1603186652534	Marionette	WARN	TLS certificate errors will be ignored for this session
окт. 20, 2020 12:37:32 PM org.openqa.selenium.remote.ProtocolHandshake createSession
INFO: Detected dialect: W3C
1603186654333	Marionette	INFO	Stopped listening on port 64954

###!!! [Child][RunMessage] Error: Channel closing: too late to send/recv, messages will be lost


###!!! [Child][MessageChannel::SendAndWait] Error: Channel error: cannot send/recv

]]></system-err>
</testsuite>
