<?xml version="1.0" encoding="UTF-8"?>
<testsuite name="ru.stqa.pft.addressbook.GroupCreation" tests="1" skipped="0" failures="0" errors="0" timestamp="2020-10-16T11:15:59" hostname="DESKTOP-5LJNKTP" time="4.614">
  <properties/>
  <testcase name="testGroupCreation" classname="ru.stqa.pft.addressbook.GroupCreation" time="4.614"/>
  <system-out><![CDATA[]]></system-out>
  <system-err><![CDATA[1602846959887	geckodriver	INFO	Listening on 127.0.0.1:42006
1602846960504	mozrunner::runner	INFO	Running command: "C:\\Program Files\\Mozilla Firefox\\firefox.exe" "--marionette" "-foreground" "-no-remote" "-profile" "C:\\Users\\73B5~1\\AppData\\Local\\Temp\\rust_mozprofilegf73KJ"
JavaScript error: resource://gre/modules/XULStore.jsm, line 66: Error: Can't find profile directory.
1602846961853	Marionette	INFO	Listening on port 49769
1602846962039	Marionette	WARN	TLS certificate errors will be ignored for this session
окт. 16, 2020 2:16:02 PM org.openqa.selenium.remote.ProtocolHandshake createSession
INFO: Detected dialect: W3C
1602846963721	Marionette	INFO	Stopped listening on port 49769

###!!! [Child][RunMessage] Error: Channel closing: too late to send/recv, messages will be lost


###!!! [Child][MessageChannel::SendAndWait] Error: Channel error: cannot send/recv

]]></system-err>
</testsuite>
