<?xml version="1.0" encoding="UTF-8"?>
<testsuite name="ru.stqa.pft.addressbook.tests.ContactCreationTest" tests="1" skipped="0" failures="0" errors="0" timestamp="2020-10-20T10:38:33" hostname="DESKTOP-5LJNKTP" time="4.856">
  <properties/>
  <testcase name="testContactCreation" classname="ru.stqa.pft.addressbook.tests.ContactCreationTest" time="4.856"/>
  <system-out><![CDATA[]]></system-out>
  <system-err><![CDATA[1603190314224	geckodriver	INFO	Listening on 127.0.0.1:4947
1603190314836	mozrunner::runner	INFO	Running command: "C:\\Program Files\\Mozilla Firefox\\firefox.exe" "--marionette" "-foreground" "-no-remote" "-profile" "C:\\Users\\73B5~1\\AppData\\Local\\Temp\\rust_mozprofile3UR983"
JavaScript error: resource://gre/modules/XULStore.jsm, line 66: Error: Can't find profile directory.
1603190316160	Marionette	INFO	Listening on port 49824
1603190316371	Marionette	WARN	TLS certificate errors will be ignored for this session
окт. 20, 2020 1:38:36 PM org.openqa.selenium.remote.ProtocolHandshake createSession
INFO: Detected dialect: W3C
1603190318313	Marionette	INFO	Stopped listening on port 49824

###!!! [Child][RunMessage] Error: Channel closing: too late to send/recv, messages will be lost


###!!! [Child][MessageChannel::SendAndWait] Error: Channel error: cannot send/recv

]]></system-err>
</testsuite>
